<?xml version="1.0" encoding="UTF-8"?>
<testng-results skipped="0" failed="0" ignored="0" total="1" passed="1">
  <reporter-output>
    <line>
      <![CDATA[Test Started running: f]]>
    </line>
    <line>
      <![CDATA[<a href='D:\My_Pro\My_Prac1\Code\projectx\src\main\java\com\projectx\projectx\Pass_ScreenShots\f24_50_18_05_50_47.png'> <img src='D:\My_Pro\My_Prac1\Code\projectx\src\main\java\com\projectx\projectx\Pass_ScreenShots\f24_50_18_05_50_47.png' height='100' width='100'/> </a>]]>
    </line>
  </reporter-output>
  <suite name="Suite" duration-ms="42339" started-at="2018-02-24T12:20:05Z" finished-at="2018-02-24T12:20:47Z">
    <groups>
    </groups>
    <test name="Test" duration-ms="42339" started-at="2018-02-24T12:20:05Z" finished-at="2018-02-24T12:20:47Z">
      <class name="com.maven.automation.MavenAutomation.Home.TC001_VerifyLoginWithInvalidecredentTest">
        <test-method status="PASS" signature="beforeTest()[pri:0, instance:com.maven.automation.MavenAutomation.Home.TC001_VerifyLoginWithInvalidecredentTest@1d371b2d]" name="beforeTest" is-config="true" duration-ms="34946" started-at="2018-02-24T12:20:05Z" finished-at="2018-02-24T12:20:40Z">
          <reporter-output>
          </reporter-output>
        </test-method> <!-- beforeTest -->
        <test-method status="PASS" signature="f()[pri:0, instance:com.maven.automation.MavenAutomation.Home.TC001_VerifyLoginWithInvalidecredentTest@1d371b2d]" name="f" duration-ms="6861" started-at="2018-02-24T12:20:40Z" finished-at="2018-02-24T12:20:47Z">
          <reporter-output>
            <line>
              <![CDATA[Test Started running: f]]>
            </line>
            <line>
              <![CDATA[<a href='D:\My_Pro\My_Prac1\Code\projectx\src\main\java\com\projectx\projectx\Pass_ScreenShots\f24_50_18_05_50_47.png'> <img src='D:\My_Pro\My_Prac1\Code\projectx\src\main\java\com\projectx\projectx\Pass_ScreenShots\f24_50_18_05_50_47.png' height='100' width='100'/> </a>]]>
            </line>
          </reporter-output>
        </test-method> <!-- f -->
        <test-method status="PASS" signature="afterTest()[pri:0, instance:com.maven.automation.MavenAutomation.Home.TC001_VerifyLoginWithInvalidecredentTest@1d371b2d]" name="afterTest" is-config="true" duration-ms="1" started-at="2018-02-24T12:20:47Z" finished-at="2018-02-24T12:20:47Z">
          <reporter-output>
          </reporter-output>
        </test-method> <!-- afterTest -->
      </class> <!-- com.maven.automation.MavenAutomation.Home.TC001_VerifyLoginWithInvalidecredentTest -->
    </test> <!-- Test -->
  </suite> <!-- Suite -->
</testng-results>
